
*** Running vivado
    with args -log top_demo.vds -m64 -product Vivado -mode batch -messageDb vivado.pb -notrace -source top_demo.tcl



****** Vivado v2023.1.1 (64-bit)
  **** SW Build 3900603 on Fri Jun 16 19:31:24 MDT 2023
  **** IP Build 3900379 on Sat Jun 17 05:28:05 MDT 2023
  **** SharedData Build 3899622 on Fri Jun 16 03:34:24 MDT 2023
    ** Copyright 1986-2022 Xilinx, Inc. All Rights Reserved.
    ** Copyright 2022-2023 Advanced Micro Devices, Inc. All Rights Reserved.

source top_demo.tcl -notrace
create_project: Time (s): cpu = 00:00:05 ; elapsed = 00:00:06 . Memory (MB): peak = 1497.941 ; gain = 153.699
Command: synth_design -top top_demo -part xc7z020clg484-1
Starting synth_design
Attempting to get a license for feature 'Synthesis' and/or device 'xc7z020'
INFO: [Common 17-349] Got license for feature 'Synthesis' and/or device 'xc7z020'
INFO: [Device 21-403] Loading part xc7z020clg484-1
INFO: [Synth 8-7079] Multithreading enabled for synth_design using a maximum of 2 processes.
INFO: [Synth 8-7078] Launching helper process for spawning children vivado processes
INFO: [Synth 8-7075] Helper process launched with PID 4060
---------------------------------------------------------------------------------
Starting RTL Elaboration : Time (s): cpu = 00:00:04 ; elapsed = 00:00:04 . Memory (MB): peak = 2341.582 ; gain = 408.820
---------------------------------------------------------------------------------
INFO: [Synth 8-6157] synthesizing module 'top_demo' [C:/Users/mshevch/Desktop/ecen2233lab1/Lab1/Vivado/Lab1/Lab1.srcs/sources_1/new/top_demo.sv:23]
INFO: [Synth 8-6157] synthesizing module 'rca' [C:/Users/mshevch/Desktop/ecen2233lab1/Lab1/SV/silly.sv:8]
INFO: [Synth 8-6157] synthesizing module 'fulladder' [C:/Users/mshevch/Desktop/ecen2233lab1/Lab1/SV/silly.sv:1]
INFO: [Synth 8-6155] done synthesizing module 'fulladder' (0#1) [C:/Users/mshevch/Desktop/ecen2233lab1/Lab1/SV/silly.sv:1]
WARNING: [Synth 8-689] width (4) of port connection 'c' does not match port width (1) of module 'fulladder' [C:/Users/mshevch/Desktop/ecen2233lab1/Lab1/SV/silly.sv:10]
INFO: [Synth 8-6155] done synthesizing module 'rca' (0#1) [C:/Users/mshevch/Desktop/ecen2233lab1/Lab1/SV/silly.sv:8]
INFO: [Synth 8-6157] synthesizing module 'segment_driver' [C:/Users/mshevch/Desktop/ecen2233lab1/Lab1/Vivado/Lab1/Lab1.srcs/sources_1/imports/vivado/segment_driver.sv:23]
INFO: [Synth 8-226] default block is never used [C:/Users/mshevch/Desktop/ecen2233lab1/Lab1/Vivado/Lab1/Lab1.srcs/sources_1/imports/vivado/segment_driver.sv:63]
INFO: [Synth 8-6157] synthesizing module 'digit2segments' [C:/Users/mshevch/Desktop/ecen2233lab1/Lab1/Vivado/Lab1/Lab1.srcs/sources_1/imports/vivado/digit2segments.sv:23]
INFO: [Synth 8-226] default block is never used [C:/Users/mshevch/Desktop/ecen2233lab1/Lab1/Vivado/Lab1/Lab1.srcs/sources_1/imports/vivado/digit2segments.sv:30]
INFO: [Synth 8-6155] done synthesizing module 'digit2segments' (0#1) [C:/Users/mshevch/Desktop/ecen2233lab1/Lab1/Vivado/Lab1/Lab1.srcs/sources_1/imports/vivado/digit2segments.sv:23]
INFO: [Synth 8-6155] done synthesizing module 'segment_driver' (0#1) [C:/Users/mshevch/Desktop/ecen2233lab1/Lab1/Vivado/Lab1/Lab1.srcs/sources_1/imports/vivado/segment_driver.sv:23]
INFO: [Synth 8-6155] done synthesizing module 'top_demo' (0#1) [C:/Users/mshevch/Desktop/ecen2233lab1/Lab1/Vivado/Lab1/Lab1.srcs/sources_1/new/top_demo.sv:23]
WARNING: [Synth 8-3848] Net led in module/entity top_demo does not have driver. [C:/Users/mshevch/Desktop/ecen2233lab1/Lab1/Vivado/Lab1/Lab1.srcs/sources_1/new/top_demo.sv:31]
WARNING: [Synth 8-7129] Port c[3] in module rca is either unconnected or has no load
WARNING: [Synth 8-7129] Port c[2] in module rca is either unconnected or has no load
WARNING: [Synth 8-7129] Port c[1] in module rca is either unconnected or has no load
WARNING: [Synth 8-7129] Port led[7] in module top_demo is either unconnected or has no load
WARNING: [Synth 8-7129] Port led[6] in module top_demo is either unconnected or has no load
WARNING: [Synth 8-7129] Port led[5] in module top_demo is either unconnected or has no load
WARNING: [Synth 8-7129] Port led[4] in module top_demo is either unconnected or has no load
WARNING: [Synth 8-7129] Port led[3] in module top_demo is either unconnected or has no load
WARNING: [Synth 8-7129] Port led[2] in module top_demo is either unconnected or has no load
WARNING: [Synth 8-7129] Port led[1] in module top_demo is either unconnected or has no load
WARNING: [Synth 8-7129] Port led[0] in module top_demo is either unconnected or has no load
WARNING: [Synth 8-7129] Port rst in module top_demo is either unconnected or has no load
---------------------------------------------------------------------------------
Finished RTL Elaboration : Time (s): cpu = 00:00:05 ; elapsed = 00:00:05 . Memory (MB): peak = 2431.902 ; gain = 499.141
---------------------------------------------------------------------------------
---------------------------------------------------------------------------------
Start Handling Custom Attributes
---------------------------------------------------------------------------------
---------------------------------------------------------------------------------
Finished Handling Custom Attributes : Time (s): cpu = 00:00:05 ; elapsed = 00:00:05 . Memory (MB): peak = 2449.828 ; gain = 517.066
---------------------------------------------------------------------------------
---------------------------------------------------------------------------------
Finished RTL Optimization Phase 1 : Time (s): cpu = 00:00:05 ; elapsed = 00:00:05 . Memory (MB): peak = 2449.828 ; gain = 517.066
---------------------------------------------------------------------------------
Netlist sorting complete. Time (s): cpu = 00:00:00 ; elapsed = 00:00:00.001 . Memory (MB): peak = 2449.828 ; gain = 0.000
INFO: [Project 1-570] Preparing netlist for logic optimization

Processing XDC Constraints
Initializing timing engine
Parsing XDC File [C:/Users/mshevch/Desktop/ecen2233lab1/Lab1/Vivado/Lab1/Lab1.srcs/constrs_1/new/constr.xdc]
Finished Parsing XDC File [C:/Users/mshevch/Desktop/ecen2233lab1/Lab1/Vivado/Lab1/Lab1.srcs/constrs_1/new/constr.xdc]
INFO: [Project 1-236] Implementation specific constraints were found while reading constraint file [C:/Users/mshevch/Desktop/ecen2233lab1/Lab1/Vivado/Lab1/Lab1.srcs/constrs_1/new/constr.xdc]. These constraints will be ignored for synthesis but will be used in implementation. Impacted constraints are listed in the file [.Xil/top_demo_propImpl.xdc].
Resolution: To avoid this warning, move constraints listed in [.Xil/top_demo_propImpl.xdc] to another XDC file and exclude this new file from synthesis with the used_in_synthesis property (File Properties dialog in GUI) and re-run elaboration/synthesis.
Completed Processing XDC Constraints

Netlist sorting complete. Time (s): cpu = 00:00:00 ; elapsed = 00:00:00 . Memory (MB): peak = 2544.332 ; gain = 0.000
INFO: [Project 1-111] Unisim Transformation Summary:
No Unisim elements were transformed.

Constraint Validation Runtime : Time (s): cpu = 00:00:00 ; elapsed = 00:00:00.002 . Memory (MB): peak = 2544.332 ; gain = 0.000
---------------------------------------------------------------------------------
Finished Constraint Validation : Time (s): cpu = 00:00:10 ; elapsed = 00:00:10 . Memory (MB): peak = 2544.332 ; gain = 611.570
---------------------------------------------------------------------------------
---------------------------------------------------------------------------------
Start Loading Part and Timing Information
---------------------------------------------------------------------------------
Loading part: xc7z020clg484-1
---------------------------------------------------------------------------------
Finished Loading Part and Timing Information : Time (s): cpu = 00:00:10 ; elapsed = 00:00:10 . Memory (MB): peak = 2544.332 ; gain = 611.570
---------------------------------------------------------------------------------
---------------------------------------------------------------------------------
Start Applying 'set_property' XDC Constraints
---------------------------------------------------------------------------------
---------------------------------------------------------------------------------
Finished applying 'set_property' XDC Constraints : Time (s): cpu = 00:00:10 ; elapsed = 00:00:10 . Memory (MB): peak = 2544.332 ; gain = 611.570
---------------------------------------------------------------------------------
INFO: [Synth 8-802] inferred FSM for state register 'CURRENT_STATE_reg' in module 'segment_driver'
---------------------------------------------------------------------------------------------------
                   State |                     New Encoding |                Previous Encoding 
---------------------------------------------------------------------------------------------------
              DIGIT_ZERO |                               00 |                               00
               DIGIT_ONE |                               01 |                               01
               DIGIT_TWO |                               10 |                               10
             DIGIT_THREE |                               11 |                               11
---------------------------------------------------------------------------------------------------
INFO: [Synth 8-3354] encoded FSM with state register 'CURRENT_STATE_reg' using encoding 'sequential' in module 'segment_driver'
---------------------------------------------------------------------------------
Finished RTL Optimization Phase 2 : Time (s): cpu = 00:00:10 ; elapsed = 00:00:10 . Memory (MB): peak = 2544.332 ; gain = 611.570
---------------------------------------------------------------------------------
---------------------------------------------------------------------------------
Start RTL Component Statistics 
---------------------------------------------------------------------------------
Detailed RTL Component Info : 
+---XORs : 
	   3 Input      1 Bit         XORs := 4     
+---Muxes : 
	   4 Input    8 Bit        Muxes := 1     
	   4 Input    4 Bit        Muxes := 1     
	   4 Input    2 Bit        Muxes := 1     
---------------------------------------------------------------------------------
Finished RTL Component Statistics 
---------------------------------------------------------------------------------
---------------------------------------------------------------------------------
Start Part Resource Summary
---------------------------------------------------------------------------------
Part Resources:
DSPs: 220 (col length:60)
BRAMs: 280 (col length: RAMB18 60 RAMB36 30)
---------------------------------------------------------------------------------
Finished Part Resource Summary
---------------------------------------------------------------------------------
---------------------------------------------------------------------------------
Start Cross Boundary and Area Optimization
---------------------------------------------------------------------------------
WARNING: [Synth 8-7080] Parallel synthesis criteria is not met
WARNING: [Synth 8-7129] Port led[7] in module top_demo is either unconnected or has no load
WARNING: [Synth 8-7129] Port led[6] in module top_demo is either unconnected or has no load
WARNING: [Synth 8-7129] Port led[5] in module top_demo is either unconnected or has no load
WARNING: [Synth 8-7129] Port led[4] in module top_demo is either unconnected or has no load
WARNING: [Synth 8-7129] Port led[3] in module top_demo is either unconnected or has no load
WARNING: [Synth 8-7129] Port led[2] in module top_demo is either unconnected or has no load
WARNING: [Synth 8-7129] Port led[1] in module top_demo is either unconnected or has no load
WARNING: [Synth 8-7129] Port led[0] in module top_demo is either unconnected or has no load
WARNING: [Synth 8-7129] Port rst in module top_demo is either unconnected or has no load
---------------------------------------------------------------------------------
Finished Cross Boundary and Area Optimization : Time (s): cpu = 00:00:12 ; elapsed = 00:00:12 . Memory (MB): peak = 2544.332 ; gain = 611.570
---------------------------------------------------------------------------------
---------------------------------------------------------------------------------
Start Applying XDC Timing Constraints
---------------------------------------------------------------------------------
---------------------------------------------------------------------------------
Finished Applying XDC Timing Constraints : Time (s): cpu = 00:00:15 ; elapsed = 00:00:16 . Memory (MB): peak = 2544.332 ; gain = 611.570
---------------------------------------------------------------------------------
---------------------------------------------------------------------------------
Start Timing Optimization
---------------------------------------------------------------------------------
---------------------------------------------------------------------------------
Finished Timing Optimization : Time (s): cpu = 00:00:15 ; elapsed = 00:00:16 . Memory (MB): peak = 2544.332 ; gain = 611.570
---------------------------------------------------------------------------------
---------------------------------------------------------------------------------
Start Technology Mapping
---------------------------------------------------------------------------------
---------------------------------------------------------------------------------
Finished Technology Mapping : Time (s): cpu = 00:00:16 ; elapsed = 00:00:16 . Memory (MB): peak = 2544.332 ; gain = 611.570
---------------------------------------------------------------------------------
---------------------------------------------------------------------------------
Start IO Insertion
---------------------------------------------------------------------------------
---------------------------------------------------------------------------------
Start Flattening Before IO Insertion
---------------------------------------------------------------------------------
---------------------------------------------------------------------------------
Finished Flattening Before IO Insertion
---------------------------------------------------------------------------------
---------------------------------------------------------------------------------
Start Final Netlist Cleanup
---------------------------------------------------------------------------------
---------------------------------------------------------------------------------
Finished Final Netlist Cleanup
---------------------------------------------------------------------------------
---------------------------------------------------------------------------------
Finished IO Insertion : Time (s): cpu = 00:00:18 ; elapsed = 00:00:19 . Memory (MB): peak = 2544.332 ; gain = 611.570
---------------------------------------------------------------------------------
---------------------------------------------------------------------------------
Start Renaming Generated Instances
---------------------------------------------------------------------------------
---------------------------------------------------------------------------------
Finished Renaming Generated Instances : Time (s): cpu = 00:00:18 ; elapsed = 00:00:19 . Memory (MB): peak = 2544.332 ; gain = 611.570
---------------------------------------------------------------------------------
---------------------------------------------------------------------------------
Start Rebuilding User Hierarchy
---------------------------------------------------------------------------------
---------------------------------------------------------------------------------
Finished Rebuilding User Hierarchy : Time (s): cpu = 00:00:18 ; elapsed = 00:00:19 . Memory (MB): peak = 2544.332 ; gain = 611.570
---------------------------------------------------------------------------------
---------------------------------------------------------------------------------
Start Renaming Generated Ports
---------------------------------------------------------------------------------
---------------------------------------------------------------------------------
Finished Renaming Generated Ports : Time (s): cpu = 00:00:18 ; elapsed = 00:00:19 . Memory (MB): peak = 2544.332 ; gain = 611.570
---------------------------------------------------------------------------------
---------------------------------------------------------------------------------
Start Handling Custom Attributes
---------------------------------------------------------------------------------
---------------------------------------------------------------------------------
Finished Handling Custom Attributes : Time (s): cpu = 00:00:18 ; elapsed = 00:00:19 . Memory (MB): peak = 2544.332 ; gain = 611.570
---------------------------------------------------------------------------------
---------------------------------------------------------------------------------
Start Renaming Generated Nets
---------------------------------------------------------------------------------
---------------------------------------------------------------------------------
Finished Renaming Generated Nets : Time (s): cpu = 00:00:18 ; elapsed = 00:00:19 . Memory (MB): peak = 2544.332 ; gain = 611.570
---------------------------------------------------------------------------------
---------------------------------------------------------------------------------
Start Writing Synthesis Report
---------------------------------------------------------------------------------

Report BlackBoxes: 
+-+--------------+----------+
| |BlackBox name |Instances |
+-+--------------+----------+
+-+--------------+----------+

Report Cell Usage: 
+------+-------+------+
|      |Cell   |Count |
+------+-------+------+
|1     |BUFG   |     1|
|2     |CARRY4 |     5|
|3     |LUT1   |     1|
|4     |LUT2   |     6|
|5     |LUT3   |     3|
|6     |LUT4   |     9|
|7     |LUT5   |     8|
|8     |LUT6   |    13|
|9     |MUXF7  |     7|
|10    |FDRE   |    19|
|11    |IBUF   |    13|
|12    |OBUF   |    12|
|13    |OBUFT  |     8|
+------+-------+------+
---------------------------------------------------------------------------------
Finished Writing Synthesis Report : Time (s): cpu = 00:00:18 ; elapsed = 00:00:19 . Memory (MB): peak = 2544.332 ; gain = 611.570
---------------------------------------------------------------------------------
Synthesis finished with 0 errors, 0 critical warnings and 10 warnings.
Synthesis Optimization Runtime : Time (s): cpu = 00:00:12 ; elapsed = 00:00:18 . Memory (MB): peak = 2544.332 ; gain = 517.066
Synthesis Optimization Complete : Time (s): cpu = 00:00:18 ; elapsed = 00:00:19 . Memory (MB): peak = 2544.332 ; gain = 611.570
INFO: [Project 1-571] Translating synthesized netlist
Netlist sorting complete. Time (s): cpu = 00:00:00 ; elapsed = 00:00:00.001 . Memory (MB): peak = 2544.332 ; gain = 0.000
INFO: [Netlist 29-17] Analyzing 12 Unisim elements for replacement
INFO: [Netlist 29-28] Unisim Transformation completed in 0 CPU seconds
INFO: [Project 1-570] Preparing netlist for logic optimization
INFO: [Opt 31-138] Pushed 0 inverter(s) to 0 load pin(s).
Netlist sorting complete. Time (s): cpu = 00:00:00 ; elapsed = 00:00:00 . Memory (MB): peak = 2544.332 ; gain = 0.000
INFO: [Project 1-111] Unisim Transformation Summary:
No Unisim elements were transformed.

Synth Design complete | Checksum: 49b1b1d8
INFO: [Common 17-83] Releasing license: Synthesis
29 Infos, 24 Warnings, 0 Critical Warnings and 0 Errors encountered.
synth_design completed successfully
synth_design: Time (s): cpu = 00:00:21 ; elapsed = 00:00:34 . Memory (MB): peak = 2544.332 ; gain = 1046.391
INFO: [Common 17-1381] The checkpoint 'C:/Users/mshevch/Desktop/ecen2233lab1/Lab1/Vivado/Lab1/Lab1.runs/synth_1/top_demo.dcp' has been generated.
INFO: [runtcl-4] Executing : report_utilization -file top_demo_utilization_synth.rpt -pb top_demo_utilization_synth.pb
INFO: [Common 17-206] Exiting Vivado at Thu Sep 21 16:25:19 2023...
